<?xml version="1.0" encoding="UTF-8"?>
<!-- Generated by org.testng.reporters.JUnitXMLReporter -->
<testsuite hostname="SYS0081" name="Login-test" tests="3" failures="1" timestamp="18 Jun 2014 05:16:14 GMT" time="66.834" errors="0">
  <testcase name="checkUserLogin" time="14.226" classname="com.diw.test.LoginTest"/>
  <testcase name="checkUserLogout" time="2.668" classname="com.diw.test.LoginTest"/>
  <testcase name="checkRegistration" time="38.916" classname="com.diw.test.RegistrationTest">
    <failure type="java.lang.AssertionError" message="expected [true] but found [false]">
      <![CDATA[java.lang.AssertionError: expected [true] but found [false]
	at com.diw.test.RegistrationTest.checkRegistration(RegistrationTest.java:40)
... Removed 31 stack frames]]>
    </failure>
  </testcase> <!-- checkRegistration -->
</testsuite> <!-- Login-test -->
