<?xml version="1.0" encoding="UTF-8"?>
<!-- Generated by org.testng.reporters.JUnitXMLReporter -->
<testsuite hostname="SYS0081" name="Chrome-Browser-Test" tests="3" failures="1" timestamp="18 Jun 2014 05:20:16 GMT" time="76.442" errors="0">
  <testcase name="checkUserLogin" time="15.31" classname="com.diw.test.LoginTest"/>
  <testcase name="checkUserLogout" time="5.063" classname="com.diw.test.LoginTest"/>
  <testcase name="checkRegistration" time="41.178" classname="com.diw.test.RegistrationTest">
    <failure type="java.lang.AssertionError" message="expected [true] but found [false]">
      <![CDATA[java.lang.AssertionError: expected [true] but found [false]
	at com.diw.test.RegistrationTest.checkRegistration(RegistrationTest.java:40)
	at java.util.concurrent.FutureTask.run(FutureTask.java:262)
	at java.util.concurrent.ThreadPoolExecutor.runWorker(ThreadPoolExecutor.java:1145)
	at java.util.concurrent.ThreadPoolExecutor$Worker.run(ThreadPoolExecutor.java:615)
	at java.lang.Thread.run(Thread.java:724)
... Removed 20 stack frames]]>
    </failure>
  </testcase> <!-- checkRegistration -->
</testsuite> <!-- Chrome-Browser-Test -->
