<?xml version="1.0" encoding="UTF-8"?>
<!-- Generated by org.testng.reporters.JUnitXMLReporter -->
<testsuite hostname="SYS0081" name="Firefox-Browser-Test" tests="3" failures="1" timestamp="11 Sep 2014 11:17:21 GMT" time="105.336" errors="0">
  <testcase name="checkUserLogin" time="17.258" classname="com.diw.test.LoginTest"/>
  <testcase name="checkUserLogout" time="4.844" classname="com.diw.test.LoginTest"/>
  <testcase name="checkRegistration" time="66.829" classname="com.diw.test.RegistrationTest">
    <failure type="java.lang.AssertionError" message="expected [true] but found [false]">
      <![CDATA[java.lang.AssertionError: expected [true] but found [false]
	at com.diw.test.RegistrationTest.checkRegistration(RegistrationTest.java:40)
	at java.util.concurrent.FutureTask.run(FutureTask.java:262)
	at java.util.concurrent.ThreadPoolExecutor.runWorker(ThreadPoolExecutor.java:1145)
	at java.util.concurrent.ThreadPoolExecutor$Worker.run(ThreadPoolExecutor.java:615)
	at java.lang.Thread.run(Thread.java:724)
... Removed 20 stack frames]]>
    </failure>
  </testcase> <!-- checkRegistration -->
</testsuite> <!-- Firefox-Browser-Test -->
