<?xml version="1.0" encoding="UTF-8"?>
<testsuite name="TestSuite" time="104.595" tests="6" errors="0" skipped="0" failures="2">
  <properties>
[...]
</properties>
  <testcase name="checkUserLogin" classname="com.diw.test.LoginTest" time="15.31"/>
  <testcase name="checkUserLogin" classname="com.diw.test.LoginTest" time="0.616"/>
  <testcase name="checkUserLogout" classname="com.diw.test.LoginTest" time="4.446"/>
  <testcase name="checkUserLogout" classname="com.diw.test.LoginTest" time="0.037"/>
  <testcase name="checkRegistration" classname="com.diw.test.RegistrationTest" time="41.145">
    <failure message="expected [true] but found [false]" type="java.lang.AssertionError">java.lang.AssertionError: expected [true] but found [false]
	at org.testng.Assert.fail(Assert.java:94)
	at org.testng.Assert.failNotEquals(Assert.java:494)
	at org.testng.Assert.assertTrue(Assert.java:42)
	at org.testng.Assert.assertTrue(Assert.java:52)
	at com.diw.test.RegistrationTest.checkRegistration(RegistrationTest.java:40)
</failure>
  </testcase>
  <testcase name="checkRegistration" classname="com.diw.test.RegistrationTest" time="43.041">
    <failure message="expected [true] but found [false]" type="java.lang.AssertionError">java.lang.AssertionError: expected [true] but found [false]
	at org.testng.Assert.fail(Assert.java:94)
	at org.testng.Assert.failNotEquals(Assert.java:494)
	at org.testng.Assert.assertTrue(Assert.java:42)
	at org.testng.Assert.assertTrue(Assert.java:52)
	at com.diw.test.RegistrationTest.checkRegistration(RegistrationTest.java:40)
</failure>
  </testcase>
</testsuite>