<?xml version="1.0" encoding="UTF-8"?>
<testng-results skipped="0" failed="2" total="3" passed="1">
  <reporter-output>
  </reporter-output>
  <suite name="Smoke-Test-Suite" duration-ms="94707" started-at="2014-11-13T09:06:16Z" finished-at="2014-11-13T09:07:51Z">
    <groups>
    </groups>
    <test name="Login-test" duration-ms="94707" started-at="2014-11-13T09:06:16Z" finished-at="2014-11-13T09:07:51Z">
      <class name="com.diw.test.LoginTest">
        <test-method status="PASS" signature="setupChromeAndIEDriverProps(java.lang.String, java.lang.String)[pri:0, instance:com.diw.test.LoginTest@2928fd34]" name="setupChromeAndIEDriverProps" is-config="true" duration-ms="23" started-at="2014-11-13T14:36:16Z" finished-at="2014-11-13T14:36:16Z">
          <params>
            <param index="0">
              <value>
                <![CDATA[Drivers\chromedriver.exe]]>
              </value>
            </param>
            <param index="1">
              <value>
                <![CDATA[Drivers\IEDriverServer.exe]]>
              </value>
            </param>
          </params>
          <reporter-output>
          </reporter-output>
        </test-method> <!-- setupChromeAndIEDriverProps -->
        <test-method status="PASS" signature="setup(java.lang.String, java.lang.String)[pri:0, instance:com.diw.test.LoginTest@2928fd34]" name="setup" is-config="true" duration-ms="9612" started-at="2014-11-13T14:36:17Z" finished-at="2014-11-13T14:36:26Z">
          <params>
            <param index="0">
              <value>
                <![CDATA[org.openqa.selenium.chrome.ChromeDriver]]>
              </value>
            </param>
            <param index="1">
              <value>
                <![CDATA[com.diw.main.DriverManager]]>
              </value>
            </param>
          </params>
          <reporter-output>
          </reporter-output>
        </test-method> <!-- setup -->
        <test-method status="PASS" signature="store(org.testng.ITestContext)[pri:0, instance:com.diw.test.LoginTest@2928fd34]" name="store" is-config="true" duration-ms="0" started-at="2014-11-13T14:36:26Z" finished-at="2014-11-13T14:36:26Z">
          <params>
            <param index="0">
              <value>
                <![CDATA[org.testng.TestRunner@1e7ecd65]]>
              </value>
            </param>
          </params>
          <reporter-output>
          </reporter-output>
        </test-method> <!-- store -->
        <test-method status="PASS" signature="setDriver()[pri:0, instance:com.diw.test.LoginTest@2928fd34]" name="setDriver" is-config="true" duration-ms="5994" started-at="2014-11-13T14:36:26Z" finished-at="2014-11-13T14:36:32Z">
          <reporter-output>
          </reporter-output>
        </test-method> <!-- setDriver -->
        <test-method status="FAIL" signature="checkUserLogin(java.lang.String, java.lang.String)[pri:0, instance:com.diw.test.LoginTest@2928fd34]" name="checkUserLogin" duration-ms="11890" started-at="2014-11-13T14:36:32Z" finished-at="2014-11-13T14:36:44Z">
          <params>
            <param index="0">
              <value>
                <![CDATA[diwakara.kumar77@gmail.com]]>
              </value>
            </param>
            <param index="1">
              <value>
                <![CDATA[123456]]>
              </value>
            </param>
          </params>
          <exception class="java.lang.AssertionError">
            <message>
              <![CDATA[expected [true] but found [false]]]>
            </message>
            <full-stacktrace>
              <![CDATA[java.lang.AssertionError: expected [true] but found [false]
	at org.testng.Assert.fail(Assert.java:94)
	at org.testng.Assert.failNotEquals(Assert.java:494)
	at org.testng.Assert.assertTrue(Assert.java:42)
	at org.testng.Assert.assertTrue(Assert.java:52)
	at com.diw.test.LoginTest.checkUserLogin(LoginTest.java:40)
	at sun.reflect.NativeMethodAccessorImpl.invoke0(Native Method)
	at sun.reflect.NativeMethodAccessorImpl.invoke(NativeMethodAccessorImpl.java:57)
	at sun.reflect.DelegatingMethodAccessorImpl.invoke(DelegatingMethodAccessorImpl.java:43)
	at java.lang.reflect.Method.invoke(Method.java:606)
	at org.testng.internal.MethodInvocationHelper.invokeMethod(MethodInvocationHelper.java:84)
	at org.testng.internal.Invoker.invokeMethod(Invoker.java:714)
	at org.testng.internal.Invoker.invokeTestMethod(Invoker.java:901)
	at org.testng.internal.Invoker.invokeTestMethods(Invoker.java:1231)
	at org.testng.internal.TestMethodWorker.invokeTestMethods(TestMethodWorker.java:127)
	at org.testng.internal.TestMethodWorker.run(TestMethodWorker.java:111)
	at org.testng.TestRunner.privateRun(TestRunner.java:767)
	at org.testng.TestRunner.run(TestRunner.java:617)
	at org.testng.SuiteRunner.runTest(SuiteRunner.java:348)
	at org.testng.SuiteRunner.runSequentially(SuiteRunner.java:343)
	at org.testng.SuiteRunner.privateRun(SuiteRunner.java:305)
	at org.testng.SuiteRunner.run(SuiteRunner.java:254)
	at org.testng.SuiteRunnerWorker.runSuite(SuiteRunnerWorker.java:52)
	at org.testng.SuiteRunnerWorker.run(SuiteRunnerWorker.java:86)
	at org.testng.TestNG.runSuitesSequentially(TestNG.java:1224)
	at org.testng.TestNG.runSuitesLocally(TestNG.java:1149)
	at org.testng.TestNG.run(TestNG.java:1057)
	at org.apache.maven.surefire.testng.TestNGExecutor.run(TestNGExecutor.java:293)
	at org.apache.maven.surefire.testng.TestNGXmlTestSuite.execute(TestNGXmlTestSuite.java:84)
	at org.apache.maven.surefire.testng.TestNGProvider.invoke(TestNGProvider.java:91)
	at org.apache.maven.surefire.booter.ForkedBooter.invokeProviderInSameClassLoader(ForkedBooter.java:200)
	at org.apache.maven.surefire.booter.ForkedBooter.runSuitesInProcess(ForkedBooter.java:153)
	at org.apache.maven.surefire.booter.ForkedBooter.main(ForkedBooter.java:103)
]]>
            </full-stacktrace>
          </exception> <!-- java.lang.AssertionError -->
          <reporter-output>
          </reporter-output>
        </test-method> <!-- checkUserLogin -->
        <test-method status="PASS" signature="checkUserLogout()[pri:0, instance:com.diw.test.LoginTest@2928fd34]" name="checkUserLogout" duration-ms="2300" started-at="2014-11-13T14:36:47Z" finished-at="2014-11-13T14:36:50Z">
          <reporter-output>
          </reporter-output>
        </test-method> <!-- checkUserLogout -->
        <test-method status="PASS" signature="tear()[pri:0, instance:com.diw.test.LoginTest@2928fd34]" name="tear" is-config="true" duration-ms="1650" started-at="2014-11-13T14:37:52Z" finished-at="2014-11-13T14:37:54Z">
          <reporter-output>
          </reporter-output>
        </test-method> <!-- tear -->
      </class> <!-- com.diw.test.LoginTest -->
      <class name="com.diw.test.RegistrationTest">
        <test-method status="PASS" signature="store(org.testng.ITestContext)[pri:0, instance:com.diw.test.RegistrationTest@4a73c8a9]" name="store" is-config="true" duration-ms="0" started-at="2014-11-13T14:36:50Z" finished-at="2014-11-13T14:36:50Z">
          <params>
            <param index="0">
              <value>
                <![CDATA[org.testng.TestRunner@1e7ecd65]]>
              </value>
            </param>
          </params>
          <reporter-output>
          </reporter-output>
        </test-method> <!-- store -->
        <test-method status="PASS" signature="setDriver()[pri:0, instance:com.diw.test.RegistrationTest@4a73c8a9]" name="setDriver" is-config="true" duration-ms="0" started-at="2014-11-13T14:36:50Z" finished-at="2014-11-13T14:36:50Z">
          <reporter-output>
          </reporter-output>
        </test-method> <!-- setDriver -->
        <test-method status="PASS" signature="setup(java.lang.String, java.lang.String)[pri:0, instance:com.diw.test.RegistrationTest@4a73c8a9]" name="setup" is-config="true" duration-ms="0" started-at="2014-11-13T14:36:50Z" finished-at="2014-11-13T14:36:50Z">
          <params>
            <param index="0">
              <value>
                <![CDATA[org.openqa.selenium.chrome.ChromeDriver]]>
              </value>
            </param>
            <param index="1">
              <value>
                <![CDATA[com.diw.main.DriverManager]]>
              </value>
            </param>
          </params>
          <reporter-output>
          </reporter-output>
        </test-method> <!-- setup -->
        <test-method status="FAIL" signature="checkRegistration()[pri:0, instance:com.diw.test.RegistrationTest@4a73c8a9]" name="checkRegistration" duration-ms="61308" started-at="2014-11-13T14:36:50Z" finished-at="2014-11-13T14:37:51Z">
          <exception class="java.lang.AssertionError">
            <message>
              <![CDATA[Time out exception is occurred]]>
            </message>
            <full-stacktrace>
              <![CDATA[java.lang.AssertionError: Time out exception is occurred
	at com.diw.action.UserActions.getWebElement(UserActions.java:57)
	at com.diw.action.UserActions.getText(UserActions.java:121)
	at com.diw.test.RegistrationTest.checkRegistration(RegistrationTest.java:35)
	at sun.reflect.NativeMethodAccessorImpl.invoke0(Native Method)
	at sun.reflect.NativeMethodAccessorImpl.invoke(NativeMethodAccessorImpl.java:57)
	at sun.reflect.DelegatingMethodAccessorImpl.invoke(DelegatingMethodAccessorImpl.java:43)
	at java.lang.reflect.Method.invoke(Method.java:606)
	at org.testng.internal.MethodInvocationHelper.invokeMethod(MethodInvocationHelper.java:84)
	at org.testng.internal.Invoker.invokeMethod(Invoker.java:714)
	at org.testng.internal.Invoker.invokeTestMethod(Invoker.java:901)
	at org.testng.internal.Invoker.invokeTestMethods(Invoker.java:1231)
	at org.testng.internal.TestMethodWorker.invokeTestMethods(TestMethodWorker.java:127)
	at org.testng.internal.TestMethodWorker.run(TestMethodWorker.java:111)
	at org.testng.TestRunner.privateRun(TestRunner.java:767)
	at org.testng.TestRunner.run(TestRunner.java:617)
	at org.testng.SuiteRunner.runTest(SuiteRunner.java:348)
	at org.testng.SuiteRunner.runSequentially(SuiteRunner.java:343)
	at org.testng.SuiteRunner.privateRun(SuiteRunner.java:305)
	at org.testng.SuiteRunner.run(SuiteRunner.java:254)
	at org.testng.SuiteRunnerWorker.runSuite(SuiteRunnerWorker.java:52)
	at org.testng.SuiteRunnerWorker.run(SuiteRunnerWorker.java:86)
	at org.testng.TestNG.runSuitesSequentially(TestNG.java:1224)
	at org.testng.TestNG.runSuitesLocally(TestNG.java:1149)
	at org.testng.TestNG.run(TestNG.java:1057)
	at org.apache.maven.surefire.testng.TestNGExecutor.run(TestNGExecutor.java:293)
	at org.apache.maven.surefire.testng.TestNGXmlTestSuite.execute(TestNGXmlTestSuite.java:84)
	at org.apache.maven.surefire.testng.TestNGProvider.invoke(TestNGProvider.java:91)
	at org.apache.maven.surefire.booter.ForkedBooter.invokeProviderInSameClassLoader(ForkedBooter.java:200)
	at org.apache.maven.surefire.booter.ForkedBooter.runSuitesInProcess(ForkedBooter.java:153)
	at org.apache.maven.surefire.booter.ForkedBooter.main(ForkedBooter.java:103)
]]>
            </full-stacktrace>
          </exception> <!-- java.lang.AssertionError -->
          <reporter-output>
          </reporter-output>
        </test-method> <!-- checkRegistration -->
      </class> <!-- com.diw.test.RegistrationTest -->
    </test> <!-- Login-test -->
  </suite> <!-- Smoke-Test-Suite -->
</testng-results>
